<?xml version="1.0" encoding="UTF-8"?>
<testsuite name="commerce-integrationtest" failures="1" tests="50" time="6.25" errors="0">
  <properties/>
  <testcase name="createUser" time="0.047" classname="org.broadleafcommerce.profile.test.UserTest"/>
  <testcase name="createUser" time="0.0" classname="org.broadleafcommerce.profile.test.UserTest"/>
  <testcase name="testMaintainCatalogItem" time="0.0" classname="org.broadleafcommerce.test.integration.CatalogItemDaoTest"/>
  <testcase name="readUsersByUsername1" time="0.063" classname="org.broadleafcommerce.profile.test.UserTest"/>
  <testcase name="createAddress" time="0.0" classname="org.broadleafcommerce.profile.test.AddressTest"/>
  <testcase name="createAddress" time="0.0" classname="org.broadleafcommerce.profile.test.AddressTest"/>
  <testcase name="changeUserPasswords" time="0.016" classname="org.broadleafcommerce.profile.test.UserTest"/>
  <testcase name="readUsersByUsername2" time="0.015" classname="org.broadleafcommerce.profile.test.UserTest"/>
  <testcase name="readAddressByUserId" time="0.0" classname="org.broadleafcommerce.profile.test.AddressTest"/>
  <testcase name="createContactInfo" time="0.016" classname="org.broadleafcommerce.profile.test.ContactInfoTest"/>
  <testcase name="readContactInfoByUserId" time="0.016" classname="org.broadleafcommerce.profile.test.ContactInfoTest"/>
  <testcase name="createOrderForUserFromId" time="0.016" classname="org.broadleafcommerce.test.integration.OrderServiceTest"/>
  <testcase name="createOrderForUserFromObj" time="0.0" classname="org.broadleafcommerce.test.integration.OrderServiceTest"/>
  <testcase name="getOrdersForUserFromId" time="0.0" classname="org.broadleafcommerce.test.integration.OrderServiceTest"/>
  <testcase name="createOrder" time="0.0" classname="org.broadleafcommerce.test.integration.OrderDaoTest"/>
  <testcase name="createOrderPayment" time="0.063" classname="org.broadleafcommerce.test.integration.OrderPaymentDaoTest"/>
  <testcase name="readSaleOrderPaymentByOrder" time="0.0" classname="org.broadleafcommerce.test.integration.OrderPaymentDaoTest"/>
  <testcase name="createOrderShipping" time="0.031" classname="org.broadleafcommerce.test.integration.OrderShippingDaoTest"/>
  <testcase name="readOrderById" time="0.0" classname="org.broadleafcommerce.test.integration.OrderDaoTest"/>
  <testcase name="readOrdersForUser" time="0.0" classname="org.broadleafcommerce.test.integration.OrderDaoTest"/>
  <testcase name="addPaymentToOrderFromObj" time="0.0" classname="org.broadleafcommerce.test.integration.OrderServiceTest"/>
  <testcase name="addPaymentToOrderFromId" time="0.0" classname="org.broadleafcommerce.test.integration.OrderServiceTest"/>
  <testcase name="readOrderShippingForOrder" time="0.0" classname="org.broadleafcommerce.test.integration.OrderShippingDaoTest"/>
  <testcase name="createSellableItem" time="0.0" classname="org.broadleafcommerce.test.integration.SellableItemDaoTest"/>
  <testcase name="readContactInfoById" time="0.0" classname="org.broadleafcommerce.profile.test.ContactInfoTest"/>
  <testcase name="readFirstSellableItem" time="0.0" classname="org.broadleafcommerce.test.integration.SellableItemDaoTest"/>
  <testcase name="addContactInfoToOrderFromId" time="0.015" classname="org.broadleafcommerce.test.integration.OrderServiceTest"/>
  <testcase name="addContactInfoToOrderFromObj" time="0.016" classname="org.broadleafcommerce.test.integration.OrderServiceTest"/>
  <testcase name="addItemToOrderFromId" time="0.015" classname="org.broadleafcommerce.test.integration.OrderServiceTest"/>
  <testcase name="addShippingToOrderById" time="0.0" classname="org.broadleafcommerce.test.integration.OrderServiceTest"/>
  <testcase name="readOrderPaymentById" time="0.016" classname="org.broadleafcommerce.test.integration.OrderPaymentDaoTest"/>
  <testcase name="readSellableItemById" time="0.015" classname="org.broadleafcommerce.test.integration.SellableItemDaoTest"/>
  <testcase name="createOrderItem" time="0.016" classname="org.broadleafcommerce.test.integration.OrderItemDaoTest"/>
  <testcase name="readOrderItemsById" time="0.0" classname="org.broadleafcommerce.test.integration.OrderItemDaoTest"/>
  <testcase name="readOrderItemsForOrder" time="0.047" classname="org.broadleafcommerce.test.integration.OrderItemDaoTest"/>
  <testcase name="addShippingToOrderByObj" time="0.015" classname="org.broadleafcommerce.test.integration.OrderServiceTest"/>
  <testcase name="getOrdersForUserFromObj" time="0.016" classname="org.broadleafcommerce.test.integration.OrderServiceTest"/>
  <testcase name="addItemToOrderFromObj" time="0.031" classname="org.broadleafcommerce.test.integration.OrderServiceTest">
    <failure type="java.lang.AssertionError">
      <![CDATA[java.lang.AssertionError
	at org.broadleafcommerce.test.integration.OrderServiceTest.addItemToOrderFromObj(OrderServiceTest.java:79)
	at org.springframework.test.context.testng.AbstractTestNGSpringContextTests.run(AbstractTestNGSpringContextTests.java:140)
... Removed 27 stack frames]]>
    </failure>
  </testcase>
  <testcase name="getItemsForOrderFromId" time="0.0" classname="org.broadleafcommerce.test.integration.OrderServiceTest">
    <skipped/>
  </testcase>
  <testcase name="getItemsForOrderFromObj" time="0.0" classname="org.broadleafcommerce.test.integration.OrderServiceTest">
    <skipped/>
  </testcase>
  <testcase name="removeItemFromOrderById" time="0.0" classname="org.broadleafcommerce.test.integration.OrderServiceTest">
    <skipped/>
  </testcase>
  <testcase name="removeItemFromOrderByObj" time="0.0" classname="org.broadleafcommerce.test.integration.OrderServiceTest">
    <skipped/>
  </testcase>
  <testcase name="updateItemsInOrderByObj" time="0.0" classname="org.broadleafcommerce.test.integration.OrderServiceTest">
    <skipped/>
  </testcase>
  <testcase name="readUsersById" time="0.0" classname="org.broadleafcommerce.profile.test.UserTest"/>
  <testcase name="testSuccessfulAddress" time="0.328" classname="org.broadleafcommerce.profile.test.USPSAddressStandardizationServiceTest"/>
  <testcase name="testBadAddress" time="0.094" classname="org.broadleafcommerce.profile.test.USPSAddressStandardizationServiceTest"/>
  <testcase name="testReadCatalogItemsByName" time="0.016" classname="org.broadleafcommerce.test.integration.CatalogItemDaoTest"/>
  <testcase name="testReadCatalogItemsById" time="0.0" classname="org.broadleafcommerce.test.integration.CatalogItemDaoTest"/>
  <testcase name="test" time="0.297" classname="org.broadleafcommerce.test.integration.ExtensibilityTest"/>
  <testcase name="testMappings" time="0.0" classname="org.broadleafcommerce.test.integration.OrmTest"/>
</testsuite>
